<?xml version="1.0" encoding="UTF-8" standalone="yes"?>
<testsuites name="IP-001 (Login)" time="81" tests="1" failures="0" errors="0">
    <testsuite name="IP-001 (Login)" tests="1" failures="0" errors="0" time="81" timestamp="2019-08-24 14:16:36" hostname="refqi - refqi" id="Test Suites/IP-001 (Login)">
        <properties>
            <property name="deviceName" value=""/>
            <property name="devicePlatform" value=""/>
            <property name="logFolder" value="/Users/refqi/git/otomasiterjadwal/ipropio/Reports/IP-001 (Login)/20190824_141631"/>
            <property name="logFiles" value="/Users/refqi/git/otomasiterjadwal/ipropio/Reports/IP-001 (Login)/20190824_141631/execution0.log"/>
            <property name="attachments" value="/Users/refqi/Documents/webippro/4.png, /Users/refqi/Documents/webippro/5.png, /Users/refqi/Documents/webippro/7.png"/>
            <property name="hostName" value="refqi - refqi"/>
            <property name="os" value="Mac OS X 64bit"/>
            <property name="katalonVersion" value="6.2.1.2"/>
            <property name="browser" value="Chrome 76.0.3809.100"/>
            <property name="hostAddress" value="192.168.43.195"/>
            <property name="sessionId" value="87457b35747e3a73129c5432845d52f9"/>
            <property name="seleniumVersion" value="3.141.59"/>
            <property name="proxyInformation" value="ProxyInformation{proxyOption=NO_PROXY, proxyServerType=HTTP, password=, proxyServerAddress=, proxyServerPort=0}"/>
            <property name="platform" value="Mac OS X"/>
        </properties>
        <testcase name="Test Cases/IP-001 (Login)" classname="Test Cases/IP-001 (Login)" status="PASSED">
            <system-out>2019-08-24 14:16:36 - [TEST_CASE][PASSED] - Test Cases/IP-001 (Login): Test Cases/IP-001 (Login)

2019-08-24 14:16:37 - [TEST_STEP][PASSED] - openBrowser("http://kamisa.web.iprop-dev.com/login"): Browser is opened with url: 'http://kamisa.web.iprop-dev.com/login'

2019-08-24 14:16:37 - [MESSAGE][INFO] - Starting 'Chrome' driver

2019-08-24 14:16:37 - [MESSAGE][INFO] - Action delay is set to 5 seconds

2019-08-24 14:16:56 - [MESSAGE][PASSED] - Browser is opened with url: 'http://kamisa.web.iprop-dev.com/login'

2019-08-24 14:16:56 - [TEST_STEP][PASSED] - delay(1): Delayed 1 second(s)

2019-08-24 14:16:57 - [MESSAGE][PASSED] - Delayed 1 second(s)

2019-08-24 14:16:57 - [TEST_STEP][PASSED] - setText(findTestObject("Page_iPropio - Login/input_Email_email"), "didinonpqcms@gmail.com"): Text 'didinonpqcms@gmail.com' is set on object 'Object Repository/Page_iPropio - Login/input_Email_email'

2019-08-24 14:17:13 - [MESSAGE][PASSED] - Text 'didinonpqcms@gmail.com' is set on object 'Object Repository/Page_iPropio - Login/input_Email_email'

2019-08-24 14:17:13 - [TEST_STEP][PASSED] - delay(1): Delayed 1 second(s)

2019-08-24 14:17:14 - [MESSAGE][PASSED] - Delayed 1 second(s)

2019-08-24 14:17:14 - [TEST_STEP][PASSED] - takeScreenshot("/Users/refqi/Documents/webippro/4.png"): Taking screenshot successfully

2019-08-24 14:17:19 - [MESSAGE][PASSED] - Taking screenshot successfully
[[ATTACHMENT|/Users/refqi/Documents/webippro/4.png]]

2019-08-24 14:17:19 - [TEST_STEP][PASSED] - setText(findTestObject("Page_iPropio - Login/input_Password_password"), "testing12345"): Text 'testing12345' is set on object 'Object Repository/Page_iPropio - Login/input_Password_password'

2019-08-24 14:17:35 - [MESSAGE][PASSED] - Text 'testing12345' is set on object 'Object Repository/Page_iPropio - Login/input_Password_password'

2019-08-24 14:17:35 - [TEST_STEP][PASSED] - delay(1): Delayed 1 second(s)

2019-08-24 14:17:36 - [MESSAGE][PASSED] - Delayed 1 second(s)

2019-08-24 14:17:36 - [TEST_STEP][PASSED] - takeScreenshot("/Users/refqi/Documents/webippro/5.png"): Taking screenshot successfully

2019-08-24 14:17:41 - [MESSAGE][PASSED] - Taking screenshot successfully
[[ATTACHMENT|/Users/refqi/Documents/webippro/5.png]]

2019-08-24 14:17:41 - [TEST_STEP][PASSED] - click(findTestObject("Page_iPropio - Login/button_Login Now")): Object: 'Object Repository/Page_iPropio - Login/button_Login Now' is clicked on

2019-08-24 14:17:51 - [MESSAGE][PASSED] - Object: 'Object Repository/Page_iPropio - Login/button_Login Now' is clicked on

2019-08-24 14:17:51 - [TEST_STEP][PASSED] - delay(1): Delayed 1 second(s)

2019-08-24 14:17:52 - [MESSAGE][PASSED] - Delayed 1 second(s)

2019-08-24 14:17:52 - [TEST_STEP][PASSED] - takeScreenshot("/Users/refqi/Documents/webippro/7.png"): Taking screenshot successfully

2019-08-24 14:17:58 - [MESSAGE][PASSED] - Taking screenshot successfully
[[ATTACHMENT|/Users/refqi/Documents/webippro/7.png]]

2019-08-24 14:17:58 - [TEST_STEP][PASSED] - cucumber.api.junit.Cucumber: null</system-out>
            <system-err></system-err>
        </testcase>
        <system-out>2019-08-24 14:16:36 - [TEST_SUITE][INCOMPLETE] - IP-001 (Login): null</system-out>
        <system-err>2019-08-24 14:16:36 - [TEST_SUITE][INCOMPLETE] - IP-001 (Login): null</system-err>
    </testsuite>
</testsuites>
