<?xml version="1.0" encoding="UTF-8" standalone="yes"?>
<testsuites name="IP-028 ( Guards Schedule )" time="296" tests="1" failures="0" errors="0">
    <testsuite name="IP-028 ( Guards Schedule )" tests="1" failures="0" errors="0" time="296" timestamp="2019-08-31 06:52:57" hostname="refqi - 172.20.10.7" id="Test Suites/IP-028 ( Guards Schedule )">
        <properties>
            <property name="deviceName" value=""/>
            <property name="devicePlatform" value=""/>
            <property name="logFolder" value="/Users/refqi/git/otomasiterjadwal/ipropio/Reports/IP-028 ( Guards Schedule )/20190831_065236"/>
            <property name="logFiles" value="/Users/refqi/git/otomasiterjadwal/ipropio/Reports/IP-028 ( Guards Schedule )/20190831_065236/execution0.log"/>
            <property name="attachments" value="/Users/refqi/Documents/webippro/4.png, /Users/refqi/Documents/webippro/5.png, /Users/refqi/Documents/webippro/7.png, /Users/refqi/git/otomasiterjadwal/ipropio/Reports/IP-028 ( Guards Schedule )/20190831_065236/1567209361520.png, /Users/refqi/git/otomasiterjadwal/ipropio/Reports/IP-028 ( Guards Schedule )/20190831_065236/1567209407213.png, /Users/refqi/git/otomasiterjadwal/ipropio/Reports/IP-028 ( Guards Schedule )/20190831_065236/1567209432667.png, /Users/refqi/git/otomasiterjadwal/ipropio/Reports/IP-028 ( Guards Schedule )/20190831_065236/1567209468318.png"/>
            <property name="hostName" value="refqi - 172.20.10.7"/>
            <property name="os" value="Mac OS X 64bit"/>
            <property name="katalonVersion" value="6.2.1.2"/>
            <property name="browser" value="Chrome 76.0.3809.100"/>
            <property name="hostAddress" value="172.20.10.7"/>
            <property name="sessionId" value="5949b548925a19cdb865be100d79cdcf"/>
            <property name="seleniumVersion" value="3.141.59"/>
            <property name="proxyInformation" value="ProxyInformation{proxyOption=NO_PROXY, proxyServerType=HTTP, password=, proxyServerAddress=, proxyServerPort=0}"/>
            <property name="platform" value="Mac OS X"/>
        </properties>
        <testcase name="Test Cases/IP-028 ( Guards Schedule )" classname="Test Cases/IP-028 ( Guards Schedule )" status="PASSED">
            <system-out>2019-08-31 06:52:58 - [TEST_CASE][PASSED] - Test Cases/IP-028 ( Guards Schedule ): Test Cases/IP-028 ( Guards Schedule )

2019-08-31 06:52:58 - [TEST_STEP][PASSED] - callTestCase(findTestCase("IP-001 (Login)"), ["Email":"aaa@gmail.com", "Password":"123445656"], STOP_ON_FAILURE): Call Test Case 'Test Cases/IP-001 (Login)' successfully

2019-08-31 06:52:58 - [TEST_CASE][PASSED] - Test Cases/IP-001 (Login): Test Cases/IP-001 (Login)

2019-08-31 06:52:59 - [TEST_STEP][PASSED] - openBrowser("http://kamisa.web.iprop-dev.com/login"): Browser is opened with url: 'http://kamisa.web.iprop-dev.com/login'

2019-08-31 06:52:59 - [MESSAGE][INFO] - Starting 'Chrome' driver

2019-08-31 06:52:59 - [MESSAGE][INFO] - Action delay is set to 5 seconds

2019-08-31 06:53:18 - [MESSAGE][PASSED] - Browser is opened with url: 'http://kamisa.web.iprop-dev.com/login'

2019-08-31 06:53:18 - [TEST_STEP][PASSED] - delay(1): Delayed 1 second(s)

2019-08-31 06:53:19 - [MESSAGE][PASSED] - Delayed 1 second(s)

2019-08-31 06:53:19 - [TEST_STEP][PASSED] - setText(findTestObject("Page_iPropio - Login/input_Email_email"), "didinonpqcms@gmail.com"): Text 'didinonpqcms@gmail.com' is set on object 'Object Repository/Page_iPropio - Login/input_Email_email'

2019-08-31 06:53:35 - [MESSAGE][PASSED] - Text 'didinonpqcms@gmail.com' is set on object 'Object Repository/Page_iPropio - Login/input_Email_email'

2019-08-31 06:53:35 - [TEST_STEP][PASSED] - delay(1): Delayed 1 second(s)

2019-08-31 06:53:36 - [MESSAGE][PASSED] - Delayed 1 second(s)

2019-08-31 06:53:36 - [TEST_STEP][PASSED] - takeScreenshot("/Users/refqi/Documents/webippro/4.png"): Taking screenshot successfully

2019-08-31 06:53:42 - [MESSAGE][PASSED] - Taking screenshot successfully
[[ATTACHMENT|/Users/refqi/Documents/webippro/4.png]]

2019-08-31 06:53:42 - [TEST_STEP][PASSED] - setText(findTestObject("Page_iPropio - Login/input_Password_password"), "testing12345"): Text 'testing12345' is set on object 'Object Repository/Page_iPropio - Login/input_Password_password'

2019-08-31 06:53:57 - [MESSAGE][PASSED] - Text 'testing12345' is set on object 'Object Repository/Page_iPropio - Login/input_Password_password'

2019-08-31 06:53:57 - [TEST_STEP][PASSED] - delay(1): Delayed 1 second(s)

2019-08-31 06:53:58 - [MESSAGE][PASSED] - Delayed 1 second(s)

2019-08-31 06:53:58 - [TEST_STEP][PASSED] - takeScreenshot("/Users/refqi/Documents/webippro/5.png"): Taking screenshot successfully

2019-08-31 06:54:03 - [MESSAGE][PASSED] - Taking screenshot successfully
[[ATTACHMENT|/Users/refqi/Documents/webippro/5.png]]

2019-08-31 06:54:03 - [TEST_STEP][PASSED] - click(findTestObject("Page_iPropio - Login/button_Login Now")): Object: 'Object Repository/Page_iPropio - Login/button_Login Now' is clicked on

2019-08-31 06:54:14 - [MESSAGE][PASSED] - Object: 'Object Repository/Page_iPropio - Login/button_Login Now' is clicked on

2019-08-31 06:54:14 - [TEST_STEP][PASSED] - delay(1): Delayed 1 second(s)

2019-08-31 06:54:15 - [MESSAGE][PASSED] - Delayed 1 second(s)

2019-08-31 06:54:15 - [TEST_STEP][PASSED] - takeScreenshot("/Users/refqi/Documents/webippro/7.png"): Taking screenshot successfully

2019-08-31 06:54:20 - [MESSAGE][PASSED] - Taking screenshot successfully
[[ATTACHMENT|/Users/refqi/Documents/webippro/7.png]]

2019-08-31 06:54:20 - [MESSAGE][PASSED] - Call Test Case 'Test Cases/IP-001 (Login)' successfully

2019-08-31 06:54:20 - [TEST_STEP][PASSED] - click(findTestObject("Object Repository/Guards Schedule/div_Guard  Security")): Object: 'Object Repository/Guards Schedule/div_Guard  Security' is clicked on

2019-08-31 06:54:30 - [MESSAGE][PASSED] - Object: 'Object Repository/Guards Schedule/div_Guard  Security' is clicked on

2019-08-31 06:54:30 - [TEST_STEP][PASSED] - click(findTestObject("Object Repository/Guards Schedule/a_Guard Schedule")): Object: 'Object Repository/Guards Schedule/a_Guard Schedule' is clicked on

2019-08-31 06:54:40 - [MESSAGE][PASSED] - Object: 'Object Repository/Guards Schedule/a_Guard Schedule' is clicked on

2019-08-31 06:54:40 - [TEST_STEP][PASSED] - click(findTestObject("Object Repository/Guards Schedule/a_Create Schedule")): Object: 'Object Repository/Guards Schedule/a_Create Schedule' is clicked on

2019-08-31 06:54:50 - [MESSAGE][PASSED] - Object: 'Object Repository/Guards Schedule/a_Create Schedule' is clicked on

2019-08-31 06:54:50 - [TEST_STEP][PASSED] - click(findTestObject("input_Schedule Interval_vs__search")): Object: 'Object Repository/input_Schedule Interval_vs__search' is clicked on

2019-08-31 06:55:00 - [MESSAGE][PASSED] - Object: 'Object Repository/input_Schedule Interval_vs__search' is clicked on

2019-08-31 06:55:00 - [TEST_STEP][PASSED] - click(findTestObject("Guards Schedule/li_monthly")): Object: 'Object Repository/Guards Schedule/li_monthly' is clicked on

2019-08-31 06:55:10 - [MESSAGE][PASSED] - Object: 'Object Repository/Guards Schedule/li_monthly' is clicked on

2019-08-31 06:55:10 - [TEST_STEP][PASSED] - click(findTestObject("input_Schedule Preference_vs__search")): Object: 'Object Repository/input_Schedule Preference_vs__search' is clicked on

2019-08-31 06:55:21 - [MESSAGE][PASSED] - Object: 'Object Repository/input_Schedule Preference_vs__search' is clicked on

2019-08-31 06:55:21 - [TEST_STEP][PASSED] - click(findTestObject("Guards Schedule/li_weekly")): Object: 'Object Repository/Guards Schedule/li_weekly' is clicked on

2019-08-31 06:55:31 - [MESSAGE][PASSED] - Object: 'Object Repository/Guards Schedule/li_weekly' is clicked on

2019-08-31 06:55:31 - [TEST_STEP][PASSED] - click(findTestObject("input_Select Schedule Date_date")): Object: 'Object Repository/input_Select Schedule Date_date' is clicked on

2019-08-31 06:55:41 - [MESSAGE][PASSED] - Object: 'Object Repository/input_Select Schedule Date_date' is clicked on

2019-08-31 06:55:41 - [TEST_STEP][PASSED] - click(findTestObject("Object Repository/Guards Schedule/td_30")): Object: 'Object Repository/Guards Schedule/td_30' is clicked on

2019-08-31 06:55:51 - [MESSAGE][PASSED] - Object: 'Object Repository/Guards Schedule/td_30' is clicked on

2019-08-31 06:55:51 - [TEST_STEP][PASSED] - click(findTestObject("Object Repository/Guards Schedule/td_31")): Object: 'Object Repository/Guards Schedule/td_31' is clicked on

2019-08-31 06:56:01 - [MESSAGE][PASSED] - Object: 'Object Repository/Guards Schedule/td_31' is clicked on

2019-08-31 06:56:01 - [TEST_STEP][PASSED] - takeScreenshot(): Taking screenshot successfully

2019-08-31 06:56:06 - [MESSAGE][PASSED] - Taking screenshot successfully
[[ATTACHMENT|/Users/refqi/git/otomasiterjadwal/ipropio/Reports/IP-028 ( Guards Schedule )/20190831_065236/1567209361520.png]]

2019-08-31 06:56:06 - [TEST_STEP][PASSED] - click(findTestObject("Object Repository/Guards Schedule/button_Create Guard Now")): Object: 'Object Repository/Guards Schedule/button_Create Guard Now' is clicked on

2019-08-31 06:56:16 - [MESSAGE][PASSED] - Object: 'Object Repository/Guards Schedule/button_Create Guard Now' is clicked on

2019-08-31 06:56:16 - [TEST_STEP][PASSED] - click(findTestObject("Object Repository/Guards Schedule/span_No guard")): Object: 'Object Repository/Guards Schedule/span_No guard' is clicked on

2019-08-31 06:56:26 - [MESSAGE][PASSED] - Object: 'Object Repository/Guards Schedule/span_No guard' is clicked on

2019-08-31 06:56:26 - [TEST_STEP][PASSED] - click(findTestObject("Object Repository/Guards Schedule/span_Satpam")): Object: 'Object Repository/Guards Schedule/span_Satpam' is clicked on

2019-08-31 06:56:37 - [MESSAGE][PASSED] - Object: 'Object Repository/Guards Schedule/span_Satpam' is clicked on

2019-08-31 06:56:37 - [TEST_STEP][PASSED] - click(findTestObject("Object Repository/Guards Schedule/button_Add Here")): Object: 'Object Repository/Guards Schedule/button_Add Here' is clicked on

2019-08-31 06:56:47 - [MESSAGE][PASSED] - Object: 'Object Repository/Guards Schedule/button_Add Here' is clicked on

2019-08-31 06:56:47 - [TEST_STEP][PASSED] - takeScreenshot(): Taking screenshot successfully

2019-08-31 06:56:52 - [MESSAGE][PASSED] - Taking screenshot successfully
[[ATTACHMENT|/Users/refqi/git/otomasiterjadwal/ipropio/Reports/IP-028 ( Guards Schedule )/20190831_065236/1567209407213.png]]

2019-08-31 06:56:52 - [TEST_STEP][PASSED] - click(findTestObject("Object Repository/Guards Schedule/span_rinto")): Object: 'Object Repository/Guards Schedule/span_rinto' is clicked on

2019-08-31 06:57:02 - [MESSAGE][PASSED] - Object: 'Object Repository/Guards Schedule/span_rinto' is clicked on

2019-08-31 06:57:02 - [TEST_STEP][PASSED] - click(findTestObject("Object Repository/Guards Schedule/button_Add Here")): Object: 'Object Repository/Guards Schedule/button_Add Here' is clicked on

2019-08-31 06:57:12 - [MESSAGE][PASSED] - Object: 'Object Repository/Guards Schedule/button_Add Here' is clicked on

2019-08-31 06:57:12 - [TEST_STEP][PASSED] - takeScreenshot(): Taking screenshot successfully

2019-08-31 06:57:17 - [MESSAGE][PASSED] - Taking screenshot successfully
[[ATTACHMENT|/Users/refqi/git/otomasiterjadwal/ipropio/Reports/IP-028 ( Guards Schedule )/20190831_065236/1567209432667.png]]

2019-08-31 06:57:17 - [TEST_STEP][PASSED] - click(findTestObject("Object Repository/Guards Schedule/a_Back")): Object: 'Object Repository/Guards Schedule/a_Back' is clicked on

2019-08-31 06:57:28 - [MESSAGE][PASSED] - Object: 'Object Repository/Guards Schedule/a_Back' is clicked on

2019-08-31 06:57:28 - [TEST_STEP][PASSED] - click(findTestObject("Object Repository/Guards Schedule/button_Delete")): Object: 'Object Repository/Guards Schedule/button_Delete' is clicked on

2019-08-31 06:57:38 - [MESSAGE][PASSED] - Object: 'Object Repository/Guards Schedule/button_Delete' is clicked on

2019-08-31 06:57:38 - [TEST_STEP][PASSED] - click(findTestObject("Object Repository/Guards Schedule/button_OK")): Object: 'Object Repository/Guards Schedule/button_OK' is clicked on

2019-08-31 06:57:48 - [MESSAGE][PASSED] - Object: 'Object Repository/Guards Schedule/button_OK' is clicked on

2019-08-31 06:57:48 - [TEST_STEP][PASSED] - takeScreenshot(): Taking screenshot successfully

2019-08-31 06:57:53 - [MESSAGE][PASSED] - Taking screenshot successfully
[[ATTACHMENT|/Users/refqi/git/otomasiterjadwal/ipropio/Reports/IP-028 ( Guards Schedule )/20190831_065236/1567209468318.png]]</system-out>
            <system-err></system-err>
        </testcase>
        <system-out>2019-08-31 06:52:57 - [TEST_SUITE][INCOMPLETE] - IP-028 ( Guards Schedule ): null</system-out>
        <system-err>2019-08-31 06:52:57 - [TEST_SUITE][INCOMPLETE] - IP-028 ( Guards Schedule ): null</system-err>
    </testsuite>
</testsuites>
